<?xml version="1.0" encoding="UTF-8"?>
<testsuite xmlns:xsi="http://www.w3.org/2001/XMLSchema-instance" xsi:noNamespaceSchemaLocation="https://maven.apache.org/surefire/maven-surefire-plugin/xsd/surefire-test-report-3.0.xsd" version="3.0" name="com.example.servicea.ServiceAApplicationTests" time="10.01" tests="1" errors="0" skipped="0" failures="0">
  <properties>
[...]
</properties>
  <testcase name="contextLoads" classname="com.example.servicea.ServiceAApplicationTests" time="0.015">
    <system-out><![CDATA[2025-04-08T15:47:17.376+05:30  INFO 4796 --- [           main] t.c.s.AnnotationConfigContextLoaderUtils : Could not detect default configuration classes for test class [com.example.servicea.ServiceAApplicationTests]: ServiceAApplicationTests does not declare any static, non-private, non-final, nested classes annotated with @Configuration.
2025-04-08T15:47:17.500+05:30  INFO 4796 --- [           main] .b.t.c.SpringBootTestContextBootstrapper : Found @SpringBootConfiguration com.example.servicea.ServiceAApplication for test class com.example.servicea.ServiceAApplicationTests

  .   ____          _            __ _ _
 /\\ / ___'_ __ _ _(_)_ __  __ _ \ \ \ \
( ( )\___ | '_ | '_| | '_ \/ _` | \ \ \ \
 \\/  ___)| |_)| | | | | || (_| |  ) ) ) )
  '  |____| .__|_| |_|_| |_\__, | / / / /
 =========|_|==============|___/=/_/_/_/
 :: Spring Boot ::                (v3.1.3)

2025-04-08T15:47:17.666+05:30  INFO 4796 --- [           main] c.e.servicea.ServiceAApplicationTests    : Starting ServiceAApplicationTests using Java 21.0.4 with PID 4796 (started by user in E:\code\ProofOfConcept\swissRe\assignment\service-a)
2025-04-08T15:47:17.667+05:30  INFO 4796 --- [           main] c.e.servicea.ServiceAApplicationTests    : No active profile set, falling back to 1 default profile: "default"
2025-04-08T15:47:20.777+05:30  INFO 4796 --- [           main] .s.d.r.c.RepositoryConfigurationDelegate : Bootstrapping Spring Data JPA repositories in DEFAULT mode.
2025-04-08T15:47:20.932+05:30  INFO 4796 --- [           main] .s.d.r.c.RepositoryConfigurationDelegate : Finished Spring Data repository scanning in 126 ms. Found 1 JPA repository interfaces.
2025-04-08T15:47:21.863+05:30  INFO 4796 --- [           main] com.zaxxer.hikari.HikariDataSource       : HikariPool-1 - Starting...
2025-04-08T15:47:23.562+05:30  INFO 4796 --- [           main] com.zaxxer.hikari.pool.HikariPool        : HikariPool-1 - Added connection conn0: url=jdbc:h2:mem:testdb user=SA
2025-04-08T15:47:23.567+05:30  INFO 4796 --- [           main] com.zaxxer.hikari.HikariDataSource       : HikariPool-1 - Start completed.
2025-04-08T15:47:23.779+05:30  INFO 4796 --- [           main] o.hibernate.jpa.internal.util.LogHelper  : HHH000204: Processing PersistenceUnitInfo [name: default]
2025-04-08T15:47:24.710+05:30  INFO 4796 --- [           main] org.hibernate.Version                    : HHH000412: Hibernate ORM core version 6.2.7.Final
2025-04-08T15:47:24.715+05:30  INFO 4796 --- [           main] org.hibernate.cfg.Environment            : HHH000406: Using bytecode reflection optimizer
2025-04-08T15:47:25.395+05:30  INFO 4796 --- [           main] o.h.b.i.BytecodeProviderInitiator        : HHH000021: Bytecode provider name : bytebuddy
2025-04-08T15:47:25.418+05:30  INFO 4796 --- [           main] o.s.o.j.p.SpringPersistenceUnitInfo      : No LoadTimeWeaver setup: ignoring JPA class transformer
2025-04-08T15:47:25.748+05:30  INFO 4796 --- [           main] o.h.b.i.BytecodeProviderInitiator        : HHH000021: Bytecode provider name : bytebuddy
2025-04-08T15:47:26.446+05:30  INFO 4796 --- [           main] o.h.e.t.j.p.i.JtaPlatformInitiator       : HHH000490: Using JtaPlatform implementation: [org.hibernate.engine.transaction.jta.platform.internal.NoJtaPlatform]
2025-04-08T15:47:26.583+05:30  INFO 4796 --- [           main] j.LocalContainerEntityManagerFactoryBean : Initialized JPA EntityManagerFactory for persistence unit 'default'
2025-04-08T15:47:27.083+05:30  WARN 4796 --- [           main] JpaBaseConfiguration$JpaWebConfiguration : spring.jpa.open-in-view is enabled by default. Therefore, database queries may be performed during view rendering. Explicitly configure spring.jpa.open-in-view to disable this warning
2025-04-08T15:47:27.329+05:30  INFO 4796 --- [           main] o.s.b.a.h2.H2ConsoleAutoConfiguration    : H2 console available at '/h2-console'. Database available at 'jdbc:h2:mem:testdb'
2025-04-08T15:47:27.365+05:30  INFO 4796 --- [           main] c.e.servicea.ServiceAApplicationTests    : Started ServiceAApplicationTests in 9.844 seconds (process running for 16.805)
]]></system-out>
  </testcase>
</testsuite>