<?xml version="1.0" encoding="UTF-8"?>
<testsuite xmlns:xsi="http://www.w3.org/2001/XMLSchema-instance" xsi:noNamespaceSchemaLocation="https://maven.apache.org/surefire/maven-surefire-plugin/xsd/surefire-test-report-3.0.xsd" version="3.0" name="com.example.servicea.controller.OrderControllerTest" time="8.127" tests="1" errors="0" skipped="0" failures="0">
  <properties>
[...]
</properties>
  <testcase name="testPostOrder" classname="com.example.servicea.controller.OrderControllerTest" time="1.139">
    <system-out><![CDATA[20:23:24.682 [main] INFO org.springframework.test.context.support.AnnotationConfigContextLoaderUtils -- Could not detect default configuration classes for test class [com.example.servicea.controller.OrderControllerTest]: OrderControllerTest does not declare any static, non-private, non-final, nested classes annotated with @Configuration.
20:23:24.959 [main] INFO org.springframework.boot.test.context.SpringBootTestContextBootstrapper -- Found @SpringBootConfiguration com.example.servicea.ServiceAApplication for test class com.example.servicea.controller.OrderControllerTest

  .   ____          _            __ _ _
 /\\ / ___'_ __ _ _(_)_ __  __ _ \ \ \ \
( ( )\___ | '_ | '_| | '_ \/ _` | \ \ \ \
 \\/  ___)| |_)| | | | | || (_| |  ) ) ) )
  '  |____| .__|_| |_|_| |_\__, | / / / /
 =========|_|==============|___/=/_/_/_/
 :: Spring Boot ::                (v3.1.3)

2025-04-08T20:23:26.028+05:30  INFO 2928 --- [           main] c.e.s.controller.OrderControllerTest     : Starting OrderControllerTest using Java 21.0.4 with PID 2928 (started by user in E:\code\ProofOfConcept\swissRe\assignment\service-a)
2025-04-08T20:23:26.039+05:30  INFO 2928 --- [           main] c.e.s.controller.OrderControllerTest     : No active profile set, falling back to 1 default profile: "default"
2025-04-08T20:23:31.086+05:30  INFO 2928 --- [           main] o.s.b.t.m.w.SpringBootMockServletContext : Initializing Spring TestDispatcherServlet ''
2025-04-08T20:23:31.086+05:30  INFO 2928 --- [           main] o.s.t.web.servlet.TestDispatcherServlet  : Initializing Servlet ''
2025-04-08T20:23:31.097+05:30  INFO 2928 --- [           main] o.s.t.web.servlet.TestDispatcherServlet  : Completed initialization in 8 ms
2025-04-08T20:23:31.242+05:30  INFO 2928 --- [           main] c.e.s.controller.OrderControllerTest     : Started OrderControllerTest in 6.087 seconds (process running for 8.001)
]]></system-out>
    <system-err><![CDATA[WARNING: A Java agent has been loaded dynamically (C:\Users\user\.m2\repository\net\bytebuddy\byte-buddy-agent\1.14.4\byte-buddy-agent-1.14.4.jar)
WARNING: If a serviceability tool is in use, please run with -XX:+EnableDynamicAgentLoading to hide this warning
WARNING: If a serviceability tool is not in use, please run with -Djdk.instrument.traceUsage for more information
WARNING: Dynamic loading of agents will be disallowed by default in a future release
]]></system-err>
  </testcase>
</testsuite>